@@ Using random seed: 1540889825
@@ Using parameters:
.. port: 1341
.. forward_port: 2456
.. delay: 50
.. jitter: 0
.. err_rate: 20
.. cut_rate: 0
.. loss_rate: 50
.. seed: 1540889825
.. link_direction: Both ways
@@ Remote host is ::1 [13617]
[SEQ   0] Delayed packet by 50 ms
[SEQ   1] Delayed packet by 50 ms
[SEQ   2] Delayed packet by 50 ms
[SEQ   3] Delayed packet by 50 ms
[SEQ   4] Delayed packet by 50 ms
[SEQ   5] Dropping packet
[SEQ   6] Dropping packet
[SEQ   7] Delayed packet by 50 ms
[SEQ   8] Dropping packet
[SEQ   9] Delayed packet by 50 ms
[SEQ  10] Dropping packet
[SEQ  11] Dropping packet
[SEQ  12] Delayed packet by 50 ms
[SEQ  13] Dropping packet
[SEQ  14] Dropping packet
[SEQ  15] Delayed packet by 50 ms
[SEQ  16] Dropping packet
[SEQ  17] Dropping packet
[SEQ  18] Delayed packet by 50 ms
[SEQ  19] Delayed packet by 50 ms
[SEQ  20] Delayed packet by 50 ms
[SEQ  21] Delayed packet by 50 ms
[SEQ  22] Delayed packet by 50 ms
[SEQ  23] Corrupting packet: inverted byte #394
[SEQ  23] Delayed packet by 50 ms
[SEQ  24] Dropping packet
[SEQ  25] Dropping packet
[SEQ  26] Corrupting packet: inverted byte #280
[SEQ  26] Delayed packet by 50 ms
[SEQ  27] Dropping packet
[SEQ  28] Corrupting packet: inverted byte #489
[SEQ  28] Delayed packet by 50 ms
[SEQ  29] Delayed packet by 50 ms
[SEQ  30] Delayed packet by 50 ms
[SEQ  31] Delayed packet by 50 ms
[SEQ   0] Sent packet (Forward).
[SEQ   1] Sent packet (Forward).
[SEQ   2] Sent packet (Forward).
[SEQ   3] Sent packet (Forward).
[SEQ   4] Sent packet (Forward).
[SEQ   7] Sent packet (Forward).
[SEQ   9] Sent packet (Forward).
[SEQ  12] Sent packet (Forward).
[SEQ  15] Sent packet (Forward).
[SEQ  18] Sent packet (Forward).
[SEQ  19] Sent packet (Forward).
[SEQ  20] Sent packet (Forward).
[SEQ  21] Sent packet (Forward).
[SEQ  22] Sent packet (Forward).
[SEQ  23] Sent packet (Forward).
[SEQ  26] Sent packet (Forward).
[SEQ  28] Sent packet (Forward).
[SEQ  29] Sent packet (Forward).
[SEQ  30] Sent packet (Forward).
[SEQ  31] Sent packet (Forward).
[SEQ   1] Dropping packet
[SEQ   2] Delayed packet by 50 ms
[SEQ   3] Delayed packet by 50 ms
[SEQ   4] Dropping packet
[SEQ   5] Corrupting packet: inverted byte #5
[SEQ   5] Delayed packet by 50 ms
[SEQ   5] Delayed packet by 50 ms
[SEQ   5] Delayed packet by 50 ms
[SEQ   5] Dropping packet
[SEQ   5] Delayed packet by 50 ms
[SEQ   5] Dropping packet
[SEQ   5] Delayed packet by 50 ms
[SEQ   5] Dropping packet
[SEQ   5] Corrupting packet: inverted byte #0
[SEQ   5] Delayed packet by 50 ms
[SEQ   5] Delayed packet by 50 ms
[SEQ   5] Corrupting packet: inverted byte #3
[SEQ   5] Delayed packet by 50 ms
[SEQ   5] Dropping packet
[SEQ   5] Delayed packet by 50 ms
[SEQ   2] Sent packet (Reverse).
[SEQ   3] Sent packet (Reverse).
[SEQ   5] Sent packet (Reverse).
[SEQ   5] Sent packet (Reverse).
[SEQ   5] Sent packet (Reverse).
[SEQ   5] Sent packet (Reverse).
[SEQ   5] Sent packet (Reverse).
[SEQ  32] Delayed packet by 50 ms
[SEQ  33] Delayed packet by 50 ms
[SEQ   5] Sent packet (Reverse).
[SEQ   5] Sent packet (Reverse).
[SEQ  34] Dropping packet
[SEQ   5] Sent packet (Reverse).
[SEQ  35] Delayed packet by 50 ms
[SEQ  36] Corrupting packet: inverted byte #268
[SEQ  36] Delayed packet by 50 ms
[SEQ   5] Sent packet (Reverse).
[SEQ  32] Sent packet (Forward).
[SEQ  33] Sent packet (Forward).
[SEQ  35] Sent packet (Forward).
[SEQ  36] Sent packet (Forward).
[SEQ   5] Dropping packet
[SEQ   5] Delayed packet by 50 ms
[SEQ   5] Dropping packet
[SEQ   5] Sent packet (Reverse).
[SEQ   5] Dropping packet
[SEQ   6] Delayed packet by 50 ms
[SEQ   7] Delayed packet by 50 ms
[SEQ   8] Delayed packet by 50 ms
[SEQ   9] Delayed packet by 50 ms
[SEQ  10] Dropping packet
[SEQ  11] Dropping packet
[SEQ  12] Corrupting packet: inverted byte #186
[SEQ  12] Delayed packet by 50 ms
[SEQ  13] Dropping packet
[SEQ  14] Dropping packet
[SEQ  15] Delayed packet by 50 ms
[SEQ  16] Dropping packet
[SEQ  17] Dropping packet
[SEQ  18] Dropping packet
[SEQ  19] Dropping packet
[SEQ  20] Delayed packet by 50 ms
[SEQ  21] Dropping packet
[SEQ  22] Dropping packet
[SEQ  23] Delayed packet by 50 ms
[SEQ  24] Dropping packet
[SEQ  25] Dropping packet
[SEQ  26] Dropping packet
[SEQ  27] Delayed packet by 50 ms
[SEQ  28] Corrupting packet: inverted byte #133
[SEQ  28] Delayed packet by 50 ms
[SEQ  29] Dropping packet
[SEQ  30] Delayed packet by 50 ms
[SEQ  31] Dropping packet
[SEQ  32] Delayed packet by 50 ms
[SEQ  33] Dropping packet
[SEQ  34] Delayed packet by 50 ms
[SEQ  35] Delayed packet by 50 ms
[SEQ  36] Delayed packet by 50 ms
[SEQ   6] Sent packet (Forward).
[SEQ   7] Sent packet (Forward).
[SEQ   8] Sent packet (Forward).
[SEQ   9] Sent packet (Forward).
[SEQ  12] Sent packet (Forward).
[SEQ  15] Sent packet (Forward).
[SEQ  20] Sent packet (Forward).
[SEQ  23] Sent packet (Forward).
[SEQ  27] Sent packet (Forward).
[SEQ  28] Sent packet (Forward).
[SEQ  30] Sent packet (Forward).
[SEQ  32] Sent packet (Forward).
[SEQ  34] Sent packet (Forward).
[SEQ  35] Sent packet (Forward).
[SEQ  36] Sent packet (Forward).
[SEQ   5] Delayed packet by 50 ms
[SEQ   5] Delayed packet by 50 ms
[SEQ   5] Delayed packet by 50 ms
[SEQ   5] Delayed packet by 50 ms
[SEQ   5] Dropping packet
[SEQ   5] Dropping packet
[SEQ   5] Dropping packet
[SEQ   5] Delayed packet by 50 ms
[SEQ   5] Delayed packet by 50 ms
[SEQ   5] Corrupting packet: inverted byte #11
[SEQ   5] Delayed packet by 50 ms
[SEQ   5] Delayed packet by 50 ms
[SEQ   5] Corrupting packet: inverted byte #8
[SEQ   5] Delayed packet by 50 ms
[SEQ   5] Dropping packet
[SEQ   5] Sent packet (Reverse).
[SEQ   5] Sent packet (Reverse).
[SEQ   5] Sent packet (Reverse).
[SEQ   5] Sent packet (Reverse).
[SEQ   5] Sent packet (Reverse).
[SEQ   5] Sent packet (Reverse).
[SEQ   5] Sent packet (Reverse).
[SEQ   5] Sent packet (Reverse).
[SEQ   5] Sent packet (Reverse).
[SEQ   5] Delayed packet by 50 ms
[SEQ   6] Delayed packet by 50 ms
[SEQ   7] Delayed packet by 50 ms
[SEQ   8] Corrupting packet: inverted byte #136
[SEQ   8] Delayed packet by 50 ms
[SEQ   9] Dropping packet
[SEQ  10] Dropping packet
[SEQ  11] Corrupting packet: inverted byte #438
[SEQ  11] Delayed packet by 50 ms
[SEQ  12] Delayed packet by 50 ms
[SEQ  13] Dropping packet
[SEQ  14] Delayed packet by 50 ms
[SEQ  15] Dropping packet
[SEQ  16] Dropping packet
[SEQ  17] Corrupting packet: inverted byte #210
[SEQ  17] Delayed packet by 50 ms
[SEQ  18] Dropping packet
[SEQ  19] Dropping packet
[SEQ  20] Delayed packet by 50 ms
[SEQ  21] Delayed packet by 50 ms
[SEQ  22] Delayed packet by 50 ms
[SEQ  23] Dropping packet
[SEQ  24] Dropping packet
[SEQ  25] Corrupting packet: inverted byte #255
[SEQ  25] Delayed packet by 50 ms
[SEQ  26] Delayed packet by 50 ms
[SEQ  27] Delayed packet by 50 ms
[SEQ  28] Dropping packet
[SEQ  29] Delayed packet by 50 ms
[SEQ  30] Dropping packet
[SEQ  31] Dropping packet
[SEQ  32] Delayed packet by 50 ms
[SEQ  33] Dropping packet
[SEQ  34] Dropping packet
[SEQ  35] Dropping packet
[SEQ  36] Dropping packet
[SEQ   5] Sent packet (Forward).
[SEQ   6] Sent packet (Forward).
[SEQ   7] Sent packet (Forward).
[SEQ   8] Sent packet (Forward).
[SEQ  11] Sent packet (Forward).
[SEQ  12] Sent packet (Forward).
[SEQ  14] Sent packet (Forward).
[SEQ  17] Sent packet (Forward).
[SEQ  20] Sent packet (Forward).
[SEQ  21] Sent packet (Forward).
[SEQ  22] Sent packet (Forward).
[SEQ   6] Corrupting packet: inverted byte #6
[SEQ   6] Delayed packet by 50 ms
[SEQ  25] Sent packet (Forward).
[SEQ  26] Sent packet (Forward).
[SEQ  27] Sent packet (Forward).
[SEQ  29] Sent packet (Forward).
[SEQ  32] Sent packet (Forward).
[SEQ  10] Delayed packet by 50 ms
[SEQ  10] Dropping packet
[SEQ  10] Dropping packet
[SEQ  10] Dropping packet
[SEQ  10] Corrupting packet: inverted byte #7
[SEQ  10] Delayed packet by 50 ms
[SEQ  10] Corrupting packet: inverted byte #8
[SEQ  10] Delayed packet by 50 ms
[SEQ  10] Corrupting packet: inverted byte #10
[SEQ  10] Delayed packet by 50 ms
[SEQ  10] Dropping packet
[SEQ  10] Dropping packet
[SEQ  10] Delayed packet by 50 ms
[SEQ  10] Corrupting packet: inverted byte #1
[SEQ 245] Delayed packet by 50 ms
[SEQ   6] Sent packet (Reverse).
[SEQ  10] Sent packet (Reverse).
[SEQ  10] Sent packet (Reverse).
[SEQ  10] Sent packet (Reverse).
[SEQ  10] Sent packet (Reverse).
[SEQ  10] Sent packet (Reverse).
[SEQ  37] Delayed packet by 50 ms
[SEQ 245] Sent packet (Reverse).
[SEQ  38] Delayed packet by 50 ms
[SEQ  39] Delayed packet by 50 ms
[SEQ  40] Delayed packet by 50 ms
[SEQ  41] Delayed packet by 50 ms
[SEQ  37] Sent packet (Forward).
[SEQ  38] Sent packet (Forward).
[SEQ  39] Sent packet (Forward).
[SEQ  40] Sent packet (Forward).
[SEQ  41] Sent packet (Forward).
[SEQ  10] Delayed packet by 50 ms
[SEQ  10] Delayed packet by 50 ms
[SEQ  10] Corrupting packet: inverted byte #4
[SEQ  10] Delayed packet by 50 ms
[SEQ  10] Delayed packet by 50 ms
[SEQ  10] Delayed packet by 50 ms
[SEQ  10] Sent packet (Reverse).
[SEQ  10] Sent packet (Reverse).
[SEQ  10] Sent packet (Reverse).
[SEQ  10] Sent packet (Reverse).
[SEQ  10] Sent packet (Reverse).
[SEQ  10] Dropping packet
[SEQ  11] Delayed packet by 50 ms
[SEQ  12] Dropping packet
[SEQ  13] Delayed packet by 50 ms
[SEQ  14] Dropping packet
[SEQ  15] Dropping packet
[SEQ  16] Dropping packet
[SEQ  17] Delayed packet by 50 ms
[SEQ  18] Dropping packet
[SEQ  19] Dropping packet
[SEQ  20] Dropping packet
[SEQ  21] Delayed packet by 50 ms
[SEQ  22] Dropping packet
[SEQ  23] Delayed packet by 50 ms
[SEQ  24] Delayed packet by 50 ms
[SEQ  25] Delayed packet by 50 ms
[SEQ  26] Delayed packet by 50 ms
[SEQ  27] Delayed packet by 50 ms
[SEQ  28] Dropping packet
[SEQ  29] Dropping packet
[SEQ  30] Dropping packet
[SEQ  31] Dropping packet
[SEQ  32] Dropping packet
[SEQ  33] Delayed packet by 50 ms
[SEQ  34] Corrupting packet: inverted byte #509
[SEQ  34] Delayed packet by 50 ms
[SEQ  35] Dropping packet
[SEQ  36] Dropping packet
[SEQ  37] Delayed packet by 50 ms
[SEQ  38] Delayed packet by 50 ms
[SEQ  39] Delayed packet by 50 ms
[SEQ  40] Dropping packet
[SEQ  41] Delayed packet by 50 ms
[SEQ  11] Sent packet (Forward).
[SEQ  13] Sent packet (Forward).
[SEQ  17] Sent packet (Forward).
[SEQ  21] Sent packet (Forward).
[SEQ  23] Sent packet (Forward).
[SEQ  24] Sent packet (Forward).
[SEQ  25] Sent packet (Forward).
[SEQ  26] Sent packet (Forward).
[SEQ  27] Sent packet (Forward).
[SEQ  10] Delayed packet by 50 ms
[SEQ  33] Sent packet (Forward).
[SEQ  34] Sent packet (Forward).
[SEQ  37] Sent packet (Forward).
[SEQ  38] Sent packet (Forward).
[SEQ  39] Sent packet (Forward).
[SEQ  41] Sent packet (Forward).
[SEQ  10] Delayed packet by 50 ms
[SEQ  10] Dropping packet
[SEQ  10] Dropping packet
[SEQ  10] Delayed packet by 50 ms
[SEQ  10] Delayed packet by 50 ms
[SEQ  10] Delayed packet by 50 ms
[SEQ  10] Delayed packet by 50 ms
[SEQ  10] Dropping packet
[SEQ  10] Dropping packet
[SEQ  10] Corrupting packet: inverted byte #4
[SEQ  10] Delayed packet by 50 ms
[SEQ  10] Dropping packet
[SEQ  10] Dropping packet
[SEQ  10] Dropping packet
[SEQ  10] Sent packet (Reverse).
[SEQ  10] Sent packet (Reverse).
[SEQ  10] Sent packet (Reverse).
[SEQ  10] Sent packet (Reverse).
[SEQ  10] Sent packet (Reverse).
[SEQ  10] Sent packet (Reverse).
[SEQ  10] Sent packet (Reverse).
[SEQ  10] Dropping packet
[SEQ  11] Dropping packet
[SEQ  12] Delayed packet by 50 ms
[SEQ  13] Delayed packet by 50 ms
[SEQ  14] Dropping packet
[SEQ  15] Delayed packet by 50 ms
[SEQ  16] Dropping packet
[SEQ  17] Delayed packet by 50 ms
[SEQ  18] Dropping packet
[SEQ  19] Delayed packet by 50 ms
[SEQ  20] Dropping packet
[SEQ  21] Dropping packet
[SEQ  22] Delayed packet by 50 ms
[SEQ  23] Corrupting packet: inverted byte #411
[SEQ  23] Delayed packet by 50 ms
[SEQ  24] Dropping packet
[SEQ  25] Dropping packet
[SEQ  26] Dropping packet
[SEQ  27] Corrupting packet: inverted byte #385
[SEQ  27] Delayed packet by 50 ms
[SEQ  28] Dropping packet
[SEQ  29] Corrupting packet: inverted byte #408
[SEQ  29] Delayed packet by 50 ms
[SEQ  30] Delayed packet by 50 ms
[SEQ  31] Dropping packet
[SEQ  32] Delayed packet by 50 ms
[SEQ  33] Delayed packet by 50 ms
[SEQ  34] Delayed packet by 50 ms
[SEQ  35] Delayed packet by 50 ms
[SEQ  36] Corrupting packet: inverted byte #48
[SEQ  36] Delayed packet by 50 ms
[SEQ  37] Delayed packet by 50 ms
[SEQ  38] Delayed packet by 50 ms
[SEQ  39] Delayed packet by 50 ms
[SEQ  40] Delayed packet by 50 ms
[SEQ  41] Delayed packet by 50 ms
[SEQ  12] Sent packet (Forward).
[SEQ  13] Sent packet (Forward).
[SEQ  15] Sent packet (Forward).
[SEQ  17] Sent packet (Forward).
[SEQ  19] Sent packet (Forward).
[SEQ  22] Sent packet (Forward).
[SEQ  23] Sent packet (Forward).
[SEQ  27] Sent packet (Forward).
[SEQ  29] Sent packet (Forward).
[SEQ  30] Sent packet (Forward).
[SEQ  32] Sent packet (Forward).
[SEQ  33] Sent packet (Forward).
[SEQ  34] Sent packet (Forward).
[SEQ  10] Delayed packet by 50 ms
[SEQ  35] Sent packet (Forward).
[SEQ  36] Sent packet (Forward).
[SEQ  37] Sent packet (Forward).
[SEQ  38] Sent packet (Forward).
[SEQ  39] Sent packet (Forward).
[SEQ  40] Sent packet (Forward).
[SEQ  41] Sent packet (Forward).
[SEQ  10] Delayed packet by 50 ms
[SEQ  10] Dropping packet
[SEQ  10] Delayed packet by 50 ms
[SEQ  10] Dropping packet
[SEQ  10] Dropping packet
[SEQ  10] Dropping packet
[SEQ  10] Delayed packet by 50 ms
[SEQ  10] Delayed packet by 50 ms
[SEQ  10] Dropping packet
[SEQ  10] Dropping packet
[SEQ  10] Dropping packet
[SEQ  10] Delayed packet by 50 ms
[SEQ  10] Dropping packet
[SEQ  10] Delayed packet by 50 ms
[SEQ  10] Delayed packet by 50 ms
[SEQ  10] Sent packet (Reverse).
[SEQ  10] Sent packet (Reverse).
[SEQ  10] Sent packet (Reverse).
[SEQ  10] Sent packet (Reverse).
[SEQ  10] Sent packet (Reverse).
[SEQ  10] Sent packet (Reverse).
[SEQ  10] Sent packet (Reverse).
[SEQ  10] Sent packet (Reverse).
[SEQ  10] Corrupting packet: inverted byte #278
[SEQ  10] Delayed packet by 50 ms
[SEQ  11] Dropping packet
[SEQ  12] Dropping packet
[SEQ  13] Dropping packet
[SEQ  14] Corrupting packet: inverted byte #27
[SEQ  14] Delayed packet by 50 ms
[SEQ  15] Delayed packet by 50 ms
[SEQ  16] Delayed packet by 50 ms
[SEQ  17] Delayed packet by 50 ms
[SEQ  18] Delayed packet by 50 ms
[SEQ  19] Corrupting packet: inverted byte #355
[SEQ  19] Delayed packet by 50 ms
[SEQ  20] Delayed packet by 50 ms
[SEQ  21] Dropping packet
[SEQ  22] Dropping packet
[SEQ  23] Delayed packet by 50 ms
[SEQ  24] Dropping packet
[SEQ  25] Delayed packet by 50 ms
[SEQ  26] Dropping packet
[SEQ  27] Delayed packet by 50 ms
[SEQ  28] Delayed packet by 50 ms
[SEQ  29] Dropping packet
[SEQ  30] Delayed packet by 50 ms
[SEQ  31] Delayed packet by 50 ms
[SEQ  32] Dropping packet
[SEQ  33] Delayed packet by 50 ms
[SEQ  34] Dropping packet
[SEQ  35] Delayed packet by 50 ms
[SEQ  36] Delayed packet by 50 ms
[SEQ  37] Dropping packet
[SEQ  38] Dropping packet
[SEQ  39] Delayed packet by 50 ms
[SEQ  40] Dropping packet
[SEQ  41] Corrupting packet: inverted byte #420
[SEQ  41] Delayed packet by 50 ms
[SEQ  10] Sent packet (Forward).
[SEQ  14] Sent packet (Forward).
[SEQ  15] Sent packet (Forward).
[SEQ  16] Sent packet (Forward).
[SEQ  17] Sent packet (Forward).
[SEQ  18] Sent packet (Forward).
[SEQ  19] Sent packet (Forward).
[SEQ  20] Sent packet (Forward).
[SEQ  23] Sent packet (Forward).
[SEQ  25] Sent packet (Forward).
[SEQ  27] Sent packet (Forward).
[SEQ  28] Sent packet (Forward).
[SEQ  10] Dropping packet
[SEQ  30] Sent packet (Forward).
[SEQ  31] Sent packet (Forward).
[SEQ  33] Sent packet (Forward).
[SEQ  35] Sent packet (Forward).
[SEQ  36] Sent packet (Forward).
[SEQ  39] Sent packet (Forward).
[SEQ  41] Sent packet (Forward).
[SEQ  10] Corrupting packet: inverted byte #6
[SEQ  10] Delayed packet by 50 ms
[SEQ  10] Delayed packet by 50 ms
[SEQ  10] Dropping packet
[SEQ  10] Delayed packet by 50 ms
[SEQ  10] Dropping packet
[SEQ  10] Delayed packet by 50 ms
[SEQ  10] Dropping packet
[SEQ  10] Dropping packet
[SEQ  10] Dropping packet
[SEQ  10] Delayed packet by 50 ms
[SEQ  10] Dropping packet
[SEQ  10] Corrupting packet: inverted byte #9
[SEQ  10] Delayed packet by 50 ms
[SEQ  10] Dropping packet
[SEQ  10] Corrupting packet: inverted byte #8
[SEQ  10] Delayed packet by 50 ms
[SEQ  10] Sent packet (Reverse).
[SEQ  10] Sent packet (Reverse).
[SEQ  10] Sent packet (Reverse).
[SEQ  10] Sent packet (Reverse).
[SEQ  10] Sent packet (Reverse).
[SEQ  10] Sent packet (Reverse).
[SEQ  10] Sent packet (Reverse).
[SEQ  10] Dropping packet
[SEQ  11] Corrupting packet: inverted byte #422
[SEQ  11] Delayed packet by 50 ms
[SEQ  12] Corrupting packet: inverted byte #81
[SEQ  12] Delayed packet by 50 ms
[SEQ  13] Dropping packet
[SEQ  14] Dropping packet
[SEQ  15] Dropping packet
[SEQ  16] Dropping packet
[SEQ  17] Dropping packet
[SEQ  18] Dropping packet
[SEQ  19] Corrupting packet: inverted byte #165
[SEQ  19] Delayed packet by 50 ms
[SEQ  20] Dropping packet
[SEQ  21] Delayed packet by 50 ms
[SEQ  22] Dropping packet
[SEQ  23] Delayed packet by 50 ms
[SEQ  24] Corrupting packet: inverted byte #239
[SEQ  24] Delayed packet by 50 ms
[SEQ  25] Dropping packet
[SEQ  26] Delayed packet by 50 ms
[SEQ  27] Delayed packet by 50 ms
[SEQ  28] Corrupting packet: inverted byte #105
[SEQ  28] Delayed packet by 50 ms
[SEQ  29] Dropping packet
[SEQ  30] Dropping packet
[SEQ  31] Delayed packet by 50 ms
[SEQ  32] Delayed packet by 50 ms
[SEQ  33] Dropping packet
[SEQ  34] Delayed packet by 50 ms
[SEQ  35] Dropping packet
[SEQ  36] Delayed packet by 50 ms
[SEQ  37] Delayed packet by 50 ms
[SEQ  38] Dropping packet
[SEQ  39] Dropping packet
[SEQ  40] Dropping packet
[SEQ  41] Dropping packet
[SEQ  11] Sent packet (Forward).
[SEQ  12] Sent packet (Forward).
[SEQ  19] Sent packet (Forward).
[SEQ  21] Sent packet (Forward).
[SEQ  23] Sent packet (Forward).
[SEQ  24] Sent packet (Forward).
[SEQ  26] Sent packet (Forward).
[SEQ  27] Sent packet (Forward).
[SEQ  28] Sent packet (Forward).
[SEQ  31] Sent packet (Forward).
[SEQ  32] Sent packet (Forward).
[SEQ  34] Sent packet (Forward).
[SEQ  36] Sent packet (Forward).
[SEQ  37] Sent packet (Forward).
[SEQ  10] Delayed packet by 50 ms
[SEQ  10] Delayed packet by 50 ms
[SEQ  10] Dropping packet
[SEQ  10] Dropping packet
[SEQ  10] Dropping packet
[SEQ  10] Dropping packet
[SEQ  10] Dropping packet
[SEQ  10] Dropping packet
[SEQ  10] Dropping packet
[SEQ  10] Sent packet (Reverse).
[SEQ  10] Sent packet (Reverse).
[SEQ  10] Delayed packet by 50 ms
[SEQ  11] Dropping packet
[SEQ  12] Dropping packet
[SEQ  13] Dropping packet
[SEQ  14] Delayed packet by 50 ms
[SEQ  15] Delayed packet by 50 ms
[SEQ  16] Dropping packet
[SEQ  17] Dropping packet
[SEQ  18] Delayed packet by 50 ms
[SEQ  19] Dropping packet
[SEQ  20] Delayed packet by 50 ms
[SEQ  21] Delayed packet by 50 ms
[SEQ  22] Delayed packet by 50 ms
[SEQ  23] Dropping packet
[SEQ  24] Corrupting packet: inverted byte #68
[SEQ  24] Delayed packet by 50 ms
[SEQ  25] Corrupting packet: inverted byte #246
[SEQ  25] Delayed packet by 50 ms
[SEQ  26] Delayed packet by 50 ms
[SEQ  27] Delayed packet by 50 ms
[SEQ  28] Dropping packet
[SEQ  29] Dropping packet
[SEQ  30] Corrupting packet: inverted byte #150
[SEQ  30] Delayed packet by 50 ms
[SEQ  31] Dropping packet
[SEQ  32] Delayed packet by 50 ms
[SEQ  33] Dropping packet
[SEQ  34] Corrupting packet: inverted byte #442
[SEQ  34] Delayed packet by 50 ms
[SEQ  35] Delayed packet by 50 ms
[SEQ  36] Dropping packet
[SEQ  37] Corrupting packet: inverted byte #304
[SEQ  37] Delayed packet by 50 ms
[SEQ  38] Delayed packet by 50 ms
[SEQ  39] Delayed packet by 50 ms
[SEQ  40] Dropping packet
[SEQ  41] Dropping packet
[SEQ  10] Sent packet (Forward).
[SEQ  14] Sent packet (Forward).
[SEQ  15] Sent packet (Forward).
[SEQ  18] Sent packet (Forward).
[SEQ  20] Sent packet (Forward).
[SEQ  21] Sent packet (Forward).
[SEQ  22] Sent packet (Forward).
[SEQ  24] Sent packet (Forward).
[SEQ  25] Sent packet (Forward).
[SEQ  26] Sent packet (Forward).
[SEQ  27] Sent packet (Forward).
[SEQ  30] Sent packet (Forward).
[SEQ  32] Sent packet (Forward).
[SEQ  34] Sent packet (Forward).
[SEQ  35] Sent packet (Forward).
[SEQ  37] Sent packet (Forward).
[SEQ  38] Sent packet (Forward).
[SEQ  39] Sent packet (Forward).
[SEQ  11] Delayed packet by 50 ms
[SEQ  42] Dropping packet
[SEQ  42] Dropping packet
[SEQ  42] Dropping packet
[SEQ  42] Corrupting packet: inverted byte #8
[SEQ  42] Delayed packet by 50 ms
[SEQ  42] Delayed packet by 50 ms
[SEQ  42] Delayed packet by 50 ms
[SEQ  42] Corrupting packet: inverted byte #2
[SEQ  42] Delayed packet by 50 ms
[SEQ  42] Delayed packet by 50 ms
[SEQ  42] Dropping packet
[SEQ  42] Corrupting packet: inverted byte #1
[SEQ 213] Delayed packet by 50 ms
[SEQ  42] Dropping packet
[SEQ  42] Delayed packet by 50 ms
[SEQ  11] Sent packet (Reverse).
[SEQ  42] Dropping packet
[SEQ  42] Sent packet (Reverse).
[SEQ  42] Sent packet (Reverse).
[SEQ  42] Sent packet (Reverse).
[SEQ  42] Sent packet (Reverse).
[SEQ  42] Sent packet (Reverse).
[SEQ 213] Sent packet (Reverse).
[SEQ  42] Sent packet (Reverse).
