receivedseqnum:2
seqnum:0
pourquoi le seqnum changerait ici, 0
la queuee est vide 
receivedseqnum:3
seqnum:0
pourquoi le seqnum changerait ici, 0
il n'y a pas de pkt avec ce seqnum dans la liste 
receivedseqnum:5
seqnum:0
pourquoi le seqnum changerait ici, 0
il n'y a pas de pkt avec ce seqnum dans la liste 
receivedseqnum:6
seqnum:0
pourquoi le seqnum changerait ici, 0
il n'y a pas de pkt avec ce seqnum dans la liste 
receivedseqnum:9
seqnum:0
pourquoi le seqnum changerait ici, 0
il n'y a pas de pkt avec ce seqnum dans la liste 
receivedseqnum:13
seqnum:0
pourquoi le seqnum changerait ici, 0
il n'y a pas de pkt avec ce seqnum dans la liste 
receivedseqnum:15
seqnum:0
pourquoi le seqnum changerait ici, 0
il n'y a pas de pkt avec ce seqnum dans la liste 
receivedseqnum:16
seqnum:0
pourquoi le seqnum changerait ici, 0
il n'y a pas de pkt avec ce seqnum dans la liste 
receivedseqnum:20
seqnum:0
pourquoi le seqnum changerait ici, 0
il n'y a pas de pkt avec ce seqnum dans la liste 
receivedseqnum:26
seqnum:0
pourquoi le seqnum changerait ici, 0
il n'y a pas de pkt avec ce seqnum dans la liste 
receivedseqnum:28
seqnum:0
pourquoi le seqnum changerait ici, 0
il n'y a pas de pkt avec ce seqnum dans la liste 
receivedseqnum:29
seqnum:0
pourquoi le seqnum changerait ici, 0
il n'y a pas de pkt avec ce seqnum dans la liste 
receivedseqnum:30
seqnum:0
pourquoi le seqnum changerait ici, 0
il n'y a pas de pkt avec ce seqnum dans la liste 
receivedseqnum:0
seqnum:0
il n'y a pas de pkt avec ce seqnum dans la liste 
receivedseqnum:1
seqnum:1
il n'y a pas de pkt avec ce seqnum dans la liste 
receivedseqnum:3
seqnum:4
pourquoi le seqnum changerait ici, 4
il n'y a pas de pkt avec ce seqnum dans la liste 
receivedseqnum:4
seqnum:4
il n'y a pas de pkt avec ce seqnum dans la liste 
receivedseqnum:5
seqnum:7
pourquoi le seqnum changerait ici, 7
il n'y a pas de pkt avec ce seqnum dans la liste 
receivedseqnum:6
seqnum:7
pourquoi le seqnum changerait ici, 7
il n'y a pas de pkt avec ce seqnum dans la liste 
receivedseqnum:7
seqnum:7
il n'y a pas de pkt avec ce seqnum dans la liste 
receivedseqnum:10
seqnum:8
pourquoi le seqnum changerait ici, 8
il n'y a pas de pkt avec ce seqnum dans la liste 
receivedseqnum:12
seqnum:8
pourquoi le seqnum changerait ici, 8
il n'y a pas de pkt avec ce seqnum dans la liste 
receivedseqnum:13
seqnum:8
pourquoi le seqnum changerait ici, 8
receivedseqnum:15
seqnum:8
pourquoi le seqnum changerait ici, 8
receivedseqnum:16
seqnum:8
pourquoi le seqnum changerait ici, 8
receivedseqnum:17
seqnum:8
pourquoi le seqnum changerait ici, 8
il n'y a pas de pkt avec ce seqnum dans la liste 
receivedseqnum:18
seqnum:8
pourquoi le seqnum changerait ici, 8
il n'y a pas de pkt avec ce seqnum dans la liste 
receivedseqnum:19
seqnum:8
pourquoi le seqnum changerait ici, 8
il n'y a pas de pkt avec ce seqnum dans la liste 
receivedseqnum:20
seqnum:8
pourquoi le seqnum changerait ici, 8
receivedseqnum:21
seqnum:8
pourquoi le seqnum changerait ici, 8
il n'y a pas de pkt avec ce seqnum dans la liste 
receivedseqnum:23
seqnum:8
pourquoi le seqnum changerait ici, 8
il n'y a pas de pkt avec ce seqnum dans la liste 
receivedseqnum:26
seqnum:8
pourquoi le seqnum changerait ici, 8
receivedseqnum:27
seqnum:8
pourquoi le seqnum changerait ici, 8
il n'y a pas de pkt avec ce seqnum dans la liste 
receivedseqnum:28
seqnum:8
pourquoi le seqnum changerait ici, 8
receivedseqnum:29
seqnum:8
pourquoi le seqnum changerait ici, 8
receivedseqnum:32
seqnum:8
pourquoi le seqnum changerait ici, 8
il n'y a pas de pkt avec ce seqnum dans la liste 
receivedseqnum:36
seqnum:8
pourquoi le seqnum changerait ici, 8
il n'y a pas de pkt avec ce seqnum dans la liste 
receivedseqnum:37
seqnum:8
pourquoi le seqnum changerait ici, 8
il n'y a pas de pkt avec ce seqnum dans la liste 
receivedseqnum:38
seqnum:8
pourquoi le seqnum changerait ici, 8
il n'y a pas de pkt avec ce seqnum dans la liste 
receivedseqnum:8
seqnum:8
il n'y a pas de pkt avec ce seqnum dans la liste 
receivedseqnum:9
seqnum:11
pourquoi le seqnum changerait ici, 11
il n'y a pas de pkt avec ce seqnum dans la liste 
receivedseqnum:14
seqnum:11
pourquoi le seqnum changerait ici, 11
il n'y a pas de pkt avec ce seqnum dans la liste 
receivedseqnum:15
seqnum:11
pourquoi le seqnum changerait ici, 11
receivedseqnum:17
seqnum:11
pourquoi le seqnum changerait ici, 11
receivedseqnum:18
seqnum:11
pourquoi le seqnum changerait ici, 11
receivedseqnum:19
seqnum:11
pourquoi le seqnum changerait ici, 11
receivedseqnum:20
seqnum:11
pourquoi le seqnum changerait ici, 11
receivedseqnum:24
seqnum:11
pourquoi le seqnum changerait ici, 11
il n'y a pas de pkt avec ce seqnum dans la liste 
receivedseqnum:27
seqnum:11
pourquoi le seqnum changerait ici, 11
receivedseqnum:28
seqnum:11
pourquoi le seqnum changerait ici, 11
receivedseqnum:31
seqnum:11
pourquoi le seqnum changerait ici, 11
il n'y a pas de pkt avec ce seqnum dans la liste 
receivedseqnum:32
seqnum:11
pourquoi le seqnum changerait ici, 11
receivedseqnum:36
seqnum:11
pourquoi le seqnum changerait ici, 11
receivedseqnum:38
seqnum:11
pourquoi le seqnum changerait ici, 11
receivedseqnum:40
seqnum:11
pourquoi le seqnum changerait ici, 11
il n'y a pas de pkt avec ce seqnum dans la liste 
receivedseqnum:11
seqnum:11
il n'y a pas de pkt avec ce seqnum dans la liste 
receivedseqnum:12
seqnum:22
pourquoi le seqnum changerait ici, 22
il n'y a pas de pkt avec ce seqnum dans la liste 
receivedseqnum:13
seqnum:22
pourquoi le seqnum changerait ici, 22
il n'y a pas de pkt avec ce seqnum dans la liste 
receivedseqnum:15
seqnum:22
pourquoi le seqnum changerait ici, 22
il n'y a pas de pkt avec ce seqnum dans la liste 
receivedseqnum:17
seqnum:22
pourquoi le seqnum changerait ici, 22
il n'y a pas de pkt avec ce seqnum dans la liste 
receivedseqnum:18
seqnum:22
pourquoi le seqnum changerait ici, 22
receivedseqnum:19
seqnum:22
pourquoi le seqnum changerait ici, 22
receivedseqnum:20
seqnum:22
pourquoi le seqnum changerait ici, 22
il n'y a pas de pkt avec ce seqnum dans la liste 
receivedseqnum:23
seqnum:22
pourquoi le seqnum changerait ici, 22
receivedseqnum:24
seqnum:22
pourquoi le seqnum changerait ici, 22
receivedseqnum:26
seqnum:22
pourquoi le seqnum changerait ici, 22
receivedseqnum:28
seqnum:22
pourquoi le seqnum changerait ici, 22
receivedseqnum:29
seqnum:22
pourquoi le seqnum changerait ici, 22
receivedseqnum:30
seqnum:22
pourquoi le seqnum changerait ici, 22
receivedseqnum:31
seqnum:22
pourquoi le seqnum changerait ici, 22
receivedseqnum:32
seqnum:22
pourquoi le seqnum changerait ici, 22
receivedseqnum:34
seqnum:22
pourquoi le seqnum changerait ici, 22
il n'y a pas de pkt avec ce seqnum dans la liste 
receivedseqnum:36
seqnum:22
pourquoi le seqnum changerait ici, 22
receivedseqnum:37
seqnum:22
pourquoi le seqnum changerait ici, 22
receivedseqnum:39
seqnum:22
pourquoi le seqnum changerait ici, 22
il n'y a pas de pkt avec ce seqnum dans la liste 
receivedseqnum:40
seqnum:22
pourquoi le seqnum changerait ici, 22
receivedseqnum:42
seqnum:22
pourquoi le seqnum changerait ici, 22
il n'y a pas de pkt avec ce seqnum dans la liste 
receivedseqnum:45
seqnum:22
pourquoi le seqnum changerait ici, 22
il n'y a pas de pkt avec ce seqnum dans la liste 
receivedseqnum:46
seqnum:22
pourquoi le seqnum changerait ici, 22
il n'y a pas de pkt avec ce seqnum dans la liste 
receivedseqnum:48
seqnum:22
pourquoi le seqnum changerait ici, 22
il n'y a pas de pkt avec ce seqnum dans la liste 
receivedseqnum:52
seqnum:22
pourquoi le seqnum changerait ici, 22
il n'y a pas de pkt avec ce seqnum dans la liste 
receivedseqnum:22
seqnum:22
il n'y a pas de pkt avec ce seqnum dans la liste 
receivedseqnum:23
seqnum:25
pourquoi le seqnum changerait ici, 25
receivedseqnum:24
seqnum:25
pourquoi le seqnum changerait ici, 25
receivedseqnum:25
seqnum:25
il n'y a pas de pkt avec ce seqnum dans la liste 
receivedseqnum:26
seqnum:33
pourquoi le seqnum changerait ici, 33
il n'y a pas de pkt avec ce seqnum dans la liste 
receivedseqnum:27
seqnum:33
pourquoi le seqnum changerait ici, 33
receivedseqnum:29
seqnum:33
pourquoi le seqnum changerait ici, 33
il n'y a pas de pkt avec ce seqnum dans la liste 
receivedseqnum:34
seqnum:33
pourquoi le seqnum changerait ici, 33
receivedseqnum:36
seqnum:33
pourquoi le seqnum changerait ici, 33
receivedseqnum:37
seqnum:33
pourquoi le seqnum changerait ici, 33
receivedseqnum:39
seqnum:33
pourquoi le seqnum changerait ici, 33
receivedseqnum:45
seqnum:33
pourquoi le seqnum changerait ici, 33
receivedseqnum:48
seqnum:33
pourquoi le seqnum changerait ici, 33
receivedseqnum:51
seqnum:33
pourquoi le seqnum changerait ici, 33
il n'y a pas de pkt avec ce seqnum dans la liste 
receivedseqnum:52
seqnum:33
pourquoi le seqnum changerait ici, 33
receivedseqnum:55
seqnum:33
pourquoi le seqnum changerait ici, 33
il n'y a pas de pkt avec ce seqnum dans la liste 
receivedseqnum:56
seqnum:33
pourquoi le seqnum changerait ici, 33
il n'y a pas de pkt avec ce seqnum dans la liste 
receivedseqnum:58
seqnum:33
pourquoi le seqnum changerait ici, 33
il n'y a pas de pkt avec ce seqnum dans la liste 
receivedseqnum:33
seqnum:33
il n'y a pas de pkt avec ce seqnum dans la liste 
receivedseqnum:34
seqnum:35
pourquoi le seqnum changerait ici, 35
receivedseqnum:35
seqnum:35
il n'y a pas de pkt avec ce seqnum dans la liste 
receivedseqnum:41
seqnum:41
il n'y a pas de pkt avec ce seqnum dans la liste 
receivedseqnum:42
seqnum:43
pourquoi le seqnum changerait ici, 43
il n'y a pas de pkt avec ce seqnum dans la liste 
receivedseqnum:43
seqnum:43
il n'y a pas de pkt avec ce seqnum dans la liste 
receivedseqnum:46
seqnum:44
pourquoi le seqnum changerait ici, 44
receivedseqnum:47
seqnum:44
pourquoi le seqnum changerait ici, 44
il n'y a pas de pkt avec ce seqnum dans la liste 
receivedseqnum:48
seqnum:44
pourquoi le seqnum changerait ici, 44
receivedseqnum:49
seqnum:44
pourquoi le seqnum changerait ici, 44
il n'y a pas de pkt avec ce seqnum dans la liste 
receivedseqnum:51
seqnum:44
pourquoi le seqnum changerait ici, 44
receivedseqnum:53
seqnum:44
pourquoi le seqnum changerait ici, 44
il n'y a pas de pkt avec ce seqnum dans la liste 
receivedseqnum:54
seqnum:44
pourquoi le seqnum changerait ici, 44
il n'y a pas de pkt avec ce seqnum dans la liste 
receivedseqnum:55
seqnum:44
pourquoi le seqnum changerait ici, 44
receivedseqnum:56
seqnum:44
pourquoi le seqnum changerait ici, 44
receivedseqnum:57
seqnum:44
pourquoi le seqnum changerait ici, 44
il n'y a pas de pkt avec ce seqnum dans la liste 
receivedseqnum:58
seqnum:44
pourquoi le seqnum changerait ici, 44
receivedseqnum:44
seqnum:44
il n'y a pas de pkt avec ce seqnum dans la liste 
receivedseqnum:45
seqnum:50
pourquoi le seqnum changerait ici, 50
il n'y a pas de pkt avec ce seqnum dans la liste 
receivedseqnum:50
seqnum:50
il n'y a pas de pkt avec ce seqnum dans la liste 
receivedseqnum:52
seqnum:59
pourquoi le seqnum changerait ici, 59
il n'y a pas de pkt avec ce seqnum dans la liste 
receivedseqnum:54
seqnum:59
pourquoi le seqnum changerait ici, 59
il n'y a pas de pkt avec ce seqnum dans la liste 
receivedseqnum:56
seqnum:59
pourquoi le seqnum changerait ici, 59
il n'y a pas de pkt avec ce seqnum dans la liste 
receivedseqnum:57
seqnum:59
pourquoi le seqnum changerait ici, 59
receivedseqnum:58
seqnum:59
pourquoi le seqnum changerait ici, 59
il n'y a pas de pkt avec ce seqnum dans la liste 
receivedseqnum:59
seqnum:59
on sort pour la bonne raison cette fois
on sort quand même à un moment jésus christ 
