pkt_get_timestamp:0le seqnum du dernier envoyé est :0
pkt_get_timestamp:0le seqnum du dernier envoyé est :1
pkt_get_timestamp:0le seqnum du dernier envoyé est :2
pkt_get_timestamp:0le seqnum du dernier envoyé est :3
pkt_get_timestamp:0le seqnum du dernier envoyé est :4
pkt_get_timestamp:0le seqnum du dernier envoyé est :5
pkt_get_timestamp:0le seqnum du dernier envoyé est :6
pkt_get_timestamp:0le seqnum du dernier envoyé est :7
pkt_get_timestamp:0le seqnum du dernier envoyé est :8
pkt_get_timestamp:0le seqnum du dernier envoyé est :9
pkt_get_timestamp:0le seqnum du dernier envoyé est :10
pkt_get_timestamp:0le seqnum du dernier envoyé est :11
pkt_get_timestamp:0le seqnum du dernier envoyé est :12
pkt_get_timestamp:0le seqnum du dernier envoyé est :13
pkt_get_timestamp:0le seqnum du dernier envoyé est :14
pkt_get_timestamp:0le seqnum du dernier envoyé est :15
pkt_get_timestamp:0le seqnum du dernier envoyé est :16
pkt_get_timestamp:0le seqnum du dernier envoyé est :17
pkt_get_timestamp:0le seqnum du dernier envoyé est :18
pkt_get_timestamp:0le seqnum du dernier envoyé est :19
pkt_get_timestamp:0le seqnum du dernier envoyé est :20
pkt_get_timestamp:0le seqnum du dernier envoyé est :21
pkt_get_timestamp:0le seqnum du dernier envoyé est :22
pkt_get_timestamp:0le seqnum du dernier envoyé est :23
pkt_get_timestamp:0le seqnum du dernier envoyé est :24
pkt_get_timestamp:0le seqnum du dernier envoyé est :25
pkt_get_timestamp:0le seqnum du dernier envoyé est :26
pkt_get_timestamp:0le seqnum du dernier envoyé est :27
pkt_get_timestamp:0le seqnum du dernier envoyé est :28
pkt_get_timestamp:0le seqnum du dernier envoyé est :29
pkt_get_timestamp:0le seqnum du dernier envoyé est :30
pkt_get_timestamp:0le seqnum du dernier envoyé est :31
le seqnum received est :2
seqnumreceive:0
le nombre de delete est:2
pkt_get_timestamp:90000le seqnum du dernier envoyé est :32
pkt_get_timestamp:90000le seqnum du dernier envoyé est :33
le seqnum received est :3
seqnumreceive:1
le nombre de delete est:1
pkt_get_timestamp:90000le seqnum du dernier envoyé est :34
le seqnum received est :5
seqnumreceive:2
le nombre de delete est:2
pkt_get_timestamp:90000le seqnum du dernier envoyé est :35
pkt_get_timestamp:90000le seqnum du dernier envoyé est :36
le seqnum received est :5
il n'y a pas de pkt avec ce seqnum dans la liste 
wtf quand meme 
le seqnum received est :5
il n'y a pas de pkt avec ce seqnum dans la liste 
wtf quand meme 
le seqnum received est :5
il n'y a pas de pkt avec ce seqnum dans la liste 
wtf quand meme 
le seqnum received est :5
il n'y a pas de pkt avec ce seqnum dans la liste 
wtf quand meme 
le seqnum received est :5
il n'y a pas de pkt avec ce seqnum dans la liste 
wtf quand meme 
le seqnum received est :5
il n'y a pas de pkt avec ce seqnum dans la liste 
wtf quand meme 
on rentre pas ici quand même!
le seqnum received est :5
il n'y a pas de pkt avec ce seqnum dans la liste 
wtf quand meme 
le seqnum received est :5
il n'y a pas de pkt avec ce seqnum dans la liste 
wtf quand meme 
le seqnum received est :5
il n'y a pas de pkt avec ce seqnum dans la liste 
wtf quand meme 
le seqnum received est :5
il n'y a pas de pkt avec ce seqnum dans la liste 
wtf quand meme 
le seqnum received est :5
il n'y a pas de pkt avec ce seqnum dans la liste 
wtf quand meme 
le seqnum received est :5
il n'y a pas de pkt avec ce seqnum dans la liste 
wtf quand meme 
le seqnum received est :5
il n'y a pas de pkt avec ce seqnum dans la liste 
wtf quand meme 
on rentre pas ici quand même!
le seqnum received est :10
seqnumreceive:4
le nombre de delete est:5
pkt_get_timestamp:8120000le seqnum du dernier envoyé est :37
pkt_get_timestamp:8120000le seqnum du dernier envoyé est :38
pkt_get_timestamp:8120000le seqnum du dernier envoyé est :39
pkt_get_timestamp:8120000le seqnum du dernier envoyé est :40
pkt_get_timestamp:8120000le seqnum du dernier envoyé est :41
le seqnum received est :10
il n'y a pas de pkt avec ce seqnum dans la liste 
wtf quand meme 
le seqnum received est :10
il n'y a pas de pkt avec ce seqnum dans la liste 
wtf quand meme 
le seqnum received est :10
il n'y a pas de pkt avec ce seqnum dans la liste 
wtf quand meme 
le seqnum received est :10
il n'y a pas de pkt avec ce seqnum dans la liste 
wtf quand meme 
le seqnum received est :10
il n'y a pas de pkt avec ce seqnum dans la liste 
wtf quand meme 
on rentre pas ici quand même!
le seqnum received est :10
il n'y a pas de pkt avec ce seqnum dans la liste 
wtf quand meme 
le seqnum received est :10
il n'y a pas de pkt avec ce seqnum dans la liste 
wtf quand meme 
le seqnum received est :10
il n'y a pas de pkt avec ce seqnum dans la liste 
wtf quand meme 
le seqnum received est :10
il n'y a pas de pkt avec ce seqnum dans la liste 
wtf quand meme 
le seqnum received est :10
il n'y a pas de pkt avec ce seqnum dans la liste 
wtf quand meme 
le seqnum received est :10
il n'y a pas de pkt avec ce seqnum dans la liste 
wtf quand meme 
on rentre pas ici quand même!
le seqnum received est :10
il n'y a pas de pkt avec ce seqnum dans la liste 
wtf quand meme 
le seqnum received est :10
il n'y a pas de pkt avec ce seqnum dans la liste 
wtf quand meme 
le seqnum received est :10
il n'y a pas de pkt avec ce seqnum dans la liste 
wtf quand meme 
le seqnum received est :10
il n'y a pas de pkt avec ce seqnum dans la liste 
wtf quand meme 
le seqnum received est :10
il n'y a pas de pkt avec ce seqnum dans la liste 
wtf quand meme 
le seqnum received est :10
il n'y a pas de pkt avec ce seqnum dans la liste 
wtf quand meme 
le seqnum received est :10
il n'y a pas de pkt avec ce seqnum dans la liste 
wtf quand meme 
le seqnum received est :10
il n'y a pas de pkt avec ce seqnum dans la liste 
wtf quand meme 
on rentre pas ici quand même!
le seqnum received est :10
il n'y a pas de pkt avec ce seqnum dans la liste 
wtf quand meme 
le seqnum received est :10
il n'y a pas de pkt avec ce seqnum dans la liste 
wtf quand meme 
le seqnum received est :10
il n'y a pas de pkt avec ce seqnum dans la liste 
wtf quand meme 
le seqnum received est :10
il n'y a pas de pkt avec ce seqnum dans la liste 
wtf quand meme 
on rentre pas ici quand même!
le seqnum received est :10
il n'y a pas de pkt avec ce seqnum dans la liste 
wtf quand meme 
le seqnum received est :10
il n'y a pas de pkt avec ce seqnum dans la liste 
wtf quand meme 
on rentre pas ici quand même!
le seqnum received est :11
seqnumreceive:9
le nombre de delete est:1
pkt_get_timestamp:28160000le seqnum du dernier envoyé est :42
le seqnum received est :42
seqnumreceive:10
le seqnum received est :42
seqnumreceive:10
